{"numFailedTestSuites":3,"numFailedTests":8,"numPassedTestSuites":1,"numPassedTests":16,"numPendingTestSuites":0,"numPendingTests":0,"numRuntimeErrorTestSuites":0,"numTodoTests":0,"numTotalTestSuites":4,"numTotalTests":24,"openHandles":[],"snapshot":{"added":0,"didUpdate":false,"failure":false,"filesAdded":0,"filesRemoved":0,"filesRemovedList":[],"filesUnmatched":0,"filesUpdated":0,"matched":0,"total":0,"unchecked":0,"uncheckedKeysByFile":[],"unmatched":0,"updated":0},"startTime":1768961568357,"success":false,"testResults":[{"assertionResults":[{"ancestorTitles":["Ejercicio 5: Conectar con GitHub y hacer push"],"duration":2,"failureDetails":[],"failureMessages":[],"fullName":"Ejercicio 5: Conectar con GitHub y hacer push El archivo AUTHORS.md debe existir","invocations":1,"location":null,"numPassingAsserts":3,"retryReasons":[],"status":"passed","title":"El archivo AUTHORS.md debe existir"},{"ancestorTitles":["Ejercicio 5: Conectar con GitHub y hacer push"],"duration":42,"failureDetails":[],"failureMessages":[],"fullName":"Ejercicio 5: Conectar con GitHub y hacer push Debe tener un remote configurado","invocations":1,"location":null,"numPassingAsserts":2,"retryReasons":[],"status":"passed","title":"Debe tener un remote configurado"},{"ancestorTitles":["Ejercicio 5: Conectar con GitHub y hacer push"],"duration":44,"failureDetails":[],"failureMessages":[],"fullName":"Ejercicio 5: Conectar con GitHub y hacer push Debe tener al menos 5 commits","invocations":1,"location":null,"numPassingAsserts":1,"retryReasons":[],"status":"passed","title":"Debe tener al menos 5 commits"},{"ancestorTitles":["Ejercicio 5: Conectar con GitHub y hacer push"],"duration":47,"failureDetails":[],"failureMessages":[],"fullName":"Ejercicio 5: Conectar con GitHub y hacer push El archivo AUTHORS.md debe estar trackeado en Git","invocations":1,"location":null,"numPassingAsserts":1,"retryReasons":[],"status":"passed","title":"El archivo AUTHORS.md debe estar trackeado en Git"},{"ancestorTitles":["Ejercicio 5: Conectar con GitHub y hacer push"],"duration":51,"failureDetails":[{"matcherResult":{"actual":2,"expected":0,"message":"\u001b[2mexpect(\u001b[22m\u001b[31mreceived\u001b[39m\u001b[2m).\u001b[22mtoBe\u001b[2m(\u001b[22m\u001b[32mexpected\u001b[39m\u001b[2m) // Object.is equality\u001b[22m\n\nExpected: \u001b[32m0\u001b[39m\nReceived: \u001b[31m2\u001b[39m","name":"toBe","pass":false}}],"failureMessages":["Error: \u001b[2mexpect(\u001b[22m\u001b[31mreceived\u001b[39m\u001b[2m).\u001b[22mtoBe\u001b[2m(\u001b[22m\u001b[32mexpected\u001b[39m\u001b[2m) // Object.is equality\u001b[22m\n\nExpected: \u001b[32m0\u001b[39m\nReceived: \u001b[31m2\u001b[39m\n    at Object.toBe (C:\\Users\\claud\\herramientas-practicar-git-herramientas-practicando-git-git-basic\\tests\\ejercicio\\5-github-push.test.js:75:37)\n    at Promise.then.completed (C:\\Users\\claud\\herramientas-practicar-git-herramientas-practicando-git-git-basic\\node_modules\\jest-circus\\build\\utils.js:298:28)\n    at new Promise (<anonymous>)\n    at callAsyncCircusFn (C:\\Users\\claud\\herramientas-practicar-git-herramientas-practicando-git-git-basic\\node_modules\\jest-circus\\build\\utils.js:231:10)\n    at _callCircusTest (C:\\Users\\claud\\herramientas-practicar-git-herramientas-practicando-git-git-basic\\node_modules\\jest-circus\\build\\run.js:316:40)\n    at processTicksAndRejections (node:internal/process/task_queues:103:5)\n    at _runTest (C:\\Users\\claud\\herramientas-practicar-git-herramientas-practicando-git-git-basic\\node_modules\\jest-circus\\build\\run.js:252:3)\n    at _runTestsForDescribeBlock (C:\\Users\\claud\\herramientas-practicar-git-herramientas-practicando-git-git-basic\\node_modules\\jest-circus\\build\\run.js:126:9)\n    at _runTestsForDescribeBlock (C:\\Users\\claud\\herramientas-practicar-git-herramientas-practicando-git-git-basic\\node_modules\\jest-circus\\build\\run.js:121:9)\n    at run (C:\\Users\\claud\\herramientas-practicar-git-herramientas-practicando-git-git-basic\\node_modules\\jest-circus\\build\\run.js:71:3)\n    at runAndTransformResultsToJestFormat (C:\\Users\\claud\\herramientas-practicar-git-herramientas-practicando-git-git-basic\\node_modules\\jest-circus\\build\\legacy-code-todo-rewrite\\jestAdapterInit.js:122:21)\n    at jestAdapter (C:\\Users\\claud\\herramientas-practicar-git-herramientas-practicando-git-git-basic\\node_modules\\jest-circus\\build\\legacy-code-todo-rewrite\\jestAdapter.js:79:19)\n    at runTestInternal (C:\\Users\\claud\\herramientas-practicar-git-herramientas-practicando-git-git-basic\\node_modules\\jest-runner\\build\\runTest.js:367:16)\n    at runTest (C:\\Users\\claud\\herramientas-practicar-git-herramientas-practicando-git-git-basic\\node_modules\\jest-runner\\build\\runTest.js:444:34)"],"fullName":"Ejercicio 5: Conectar con GitHub y hacer push No debe haber cambios pendientes","invocations":1,"location":null,"numPassingAsserts":0,"retryReasons":[],"status":"failed","title":"No debe haber cambios pendientes"}],"endTime":1768961569025,"message":"\u001b[1m\u001b[31m  \u001b[1m● \u001b[22m\u001b[1mEjercicio 5: Conectar con GitHub y hacer push › No debe haber cambios pendientes\u001b[39m\u001b[22m\n\n    \u001b[2mexpect(\u001b[22m\u001b[31mreceived\u001b[39m\u001b[2m).\u001b[22mtoBe\u001b[2m(\u001b[22m\u001b[32mexpected\u001b[39m\u001b[2m) // Object.is equality\u001b[22m\n\n    Expected: \u001b[32m0\u001b[39m\n    Received: \u001b[31m2\u001b[39m\n\u001b[2m\u001b[22m\n\u001b[2m    \u001b[0m \u001b[90m 73 |\u001b[39m     })\u001b[33m;\u001b[39m\u001b[22m\n\u001b[2m     \u001b[90m 74 |\u001b[39m     \u001b[22m\n\u001b[2m    \u001b[31m\u001b[1m>\u001b[22m\u001b[2m\u001b[39m\u001b[90m 75 |\u001b[39m     expect(unignoredChanges\u001b[33m.\u001b[39mlength)\u001b[33m.\u001b[39mtoBe(\u001b[35m0\u001b[39m)\u001b[33m;\u001b[39m\u001b[22m\n\u001b[2m     \u001b[90m    |\u001b[39m                                     \u001b[31m\u001b[1m^\u001b[22m\u001b[2m\u001b[39m\u001b[22m\n\u001b[2m     \u001b[90m 76 |\u001b[39m   })\u001b[33m;\u001b[39m\u001b[22m\n\u001b[2m     \u001b[90m 77 |\u001b[39m })\u001b[33m;\u001b[39m\u001b[22m\n\u001b[2m     \u001b[90m 78 |\u001b[39m\u001b[0m\u001b[22m\n\u001b[2m\u001b[22m\n\u001b[2m      \u001b[2mat Object.toBe (\u001b[22m\u001b[2m\u001b[0m\u001b[36mtests/ejercicio/5-github-push.test.js\u001b[39m\u001b[0m\u001b[2m:75:37)\u001b[22m\u001b[2m\u001b[22m\n","name":"C:\\Users\\claud\\herramientas-practicar-git-herramientas-practicando-git-git-basic\\tests\\ejercicio\\5-github-push.test.js","startTime":1768961568413,"status":"failed","summary":""},{"assertionResults":[{"ancestorTitles":["Ejercicio 7: Manejo de conflictos"],"duration":1,"failureDetails":[{"matcherResult":{"message":"\u001b[2mexpect(\u001b[22m\u001b[31mreceived\u001b[39m\u001b[2m).\u001b[22mtoContain\u001b[2m(\u001b[22m\u001b[32mexpected\u001b[39m\u001b[2m) // indexOf\u001b[22m\n\nExpected substring: \u001b[32m\"Información del proyecto\"\u001b[39m\nReceived string:    \u001b[31m\"\\\\# Mi Proyecto Git·······\u001b[39m\n\u001b[31mEste es mi primer proyecto usando Git.·······\u001b[39m\n\u001b[31m\\\\## Características···\u001b[39m\n\u001b[31m\\\\- Aprendiendo Git paso a paso·······\u001b[39m\n\u001b[31m\"\u001b[39m","pass":false}}],"failureMessages":["Error: \u001b[2mexpect(\u001b[22m\u001b[31mreceived\u001b[39m\u001b[2m).\u001b[22mtoContain\u001b[2m(\u001b[22m\u001b[32mexpected\u001b[39m\u001b[2m) // indexOf\u001b[22m\n\nExpected substring: \u001b[32m\"Información del proyecto\"\u001b[39m\nReceived string:    \u001b[31m\"\\\\# Mi Proyecto Git·······\u001b[39m\n\u001b[31mEste es mi primer proyecto usando Git.·······\u001b[39m\n\u001b[31m\\\\## Características···\u001b[39m\n\u001b[31m\\\\- Aprendiendo Git paso a paso·······\u001b[39m\n\u001b[31m\"\u001b[39m\n    at Object.toContain (C:\\Users\\claud\\herramientas-practicar-git-herramientas-practicando-git-git-basic\\tests\\ejercicio\\7-conflictos.test.js:13:21)\n    at Promise.then.completed (C:\\Users\\claud\\herramientas-practicar-git-herramientas-practicando-git-git-basic\\node_modules\\jest-circus\\build\\utils.js:298:28)\n    at new Promise (<anonymous>)\n    at callAsyncCircusFn (C:\\Users\\claud\\herramientas-practicar-git-herramientas-practicando-git-git-basic\\node_modules\\jest-circus\\build\\utils.js:231:10)\n    at _callCircusTest (C:\\Users\\claud\\herramientas-practicar-git-herramientas-practicando-git-git-basic\\node_modules\\jest-circus\\build\\run.js:316:40)\n    at _runTest (C:\\Users\\claud\\herramientas-practicar-git-herramientas-practicando-git-git-basic\\node_modules\\jest-circus\\build\\run.js:252:3)\n    at _runTestsForDescribeBlock (C:\\Users\\claud\\herramientas-practicar-git-herramientas-practicando-git-git-basic\\node_modules\\jest-circus\\build\\run.js:126:9)\n    at _runTestsForDescribeBlock (C:\\Users\\claud\\herramientas-practicar-git-herramientas-practicando-git-git-basic\\node_modules\\jest-circus\\build\\run.js:121:9)\n    at run (C:\\Users\\claud\\herramientas-practicar-git-herramientas-practicando-git-git-basic\\node_modules\\jest-circus\\build\\run.js:71:3)\n    at runAndTransformResultsToJestFormat (C:\\Users\\claud\\herramientas-practicar-git-herramientas-practicando-git-git-basic\\node_modules\\jest-circus\\build\\legacy-code-todo-rewrite\\jestAdapterInit.js:122:21)\n    at jestAdapter (C:\\Users\\claud\\herramientas-practicar-git-herramientas-practicando-git-git-basic\\node_modules\\jest-circus\\build\\legacy-code-todo-rewrite\\jestAdapter.js:79:19)\n    at runTestInternal (C:\\Users\\claud\\herramientas-practicar-git-herramientas-practicando-git-git-basic\\node_modules\\jest-runner\\build\\runTest.js:367:16)\n    at runTest (C:\\Users\\claud\\herramientas-practicar-git-herramientas-practicando-git-git-basic\\node_modules\\jest-runner\\build\\runTest.js:444:34)"],"fullName":"Ejercicio 7: Manejo de conflictos El archivo mi-proyecto.md debe contener información del proyecto combinada","invocations":1,"location":null,"numPassingAsserts":1,"retryReasons":[],"status":"failed","title":"El archivo mi-proyecto.md debe contener información del proyecto combinada"},{"ancestorTitles":["Ejercicio 7: Manejo de conflictos"],"duration":48,"failureDetails":[],"failureMessages":[],"fullName":"Ejercicio 7: Manejo de conflictos No debe existir la rama feature/conflicto-simulado","invocations":1,"location":null,"numPassingAsserts":1,"retryReasons":[],"status":"passed","title":"No debe existir la rama feature/conflicto-simulado"},{"ancestorTitles":["Ejercicio 7: Manejo de conflictos"],"duration":49,"failureDetails":[],"failureMessages":[],"fullName":"Ejercicio 7: Manejo de conflictos Debe estar en la rama main/master","invocations":1,"location":null,"numPassingAsserts":1,"retryReasons":[],"status":"passed","title":"Debe estar en la rama main/master"},{"ancestorTitles":["Ejercicio 7: Manejo de conflictos"],"duration":51,"failureDetails":[],"failureMessages":[],"fullName":"Ejercicio 7: Manejo de conflictos Debe tener evidencia de merge en el historial","invocations":1,"location":null,"numPassingAsserts":1,"retryReasons":[],"status":"passed","title":"Debe tener evidencia de merge en el historial"},{"ancestorTitles":["Ejercicio 7: Manejo de conflictos"],"duration":47,"failureDetails":[],"failureMessages":[],"fullName":"Ejercicio 7: Manejo de conflictos Debe tener commits relacionados con conflictos","invocations":1,"location":null,"numPassingAsserts":1,"retryReasons":[],"status":"passed","title":"Debe tener commits relacionados con conflictos"},{"ancestorTitles":["Ejercicio 7: Manejo de conflictos"],"duration":43,"failureDetails":[{"matcherResult":{"actual":2,"expected":0,"message":"\u001b[2mexpect(\u001b[22m\u001b[31mreceived\u001b[39m\u001b[2m).\u001b[22mtoBe\u001b[2m(\u001b[22m\u001b[32mexpected\u001b[39m\u001b[2m) // Object.is equality\u001b[22m\n\nExpected: \u001b[32m0\u001b[39m\nReceived: \u001b[31m2\u001b[39m","name":"toBe","pass":false}}],"failureMessages":["Error: \u001b[2mexpect(\u001b[22m\u001b[31mreceived\u001b[39m\u001b[2m).\u001b[22mtoBe\u001b[2m(\u001b[22m\u001b[32mexpected\u001b[39m\u001b[2m) // Object.is equality\u001b[22m\n\nExpected: \u001b[32m0\u001b[39m\nReceived: \u001b[31m2\u001b[39m\n    at Object.toBe (C:\\Users\\claud\\herramientas-practicar-git-herramientas-practicando-git-git-basic\\tests\\ejercicio\\7-conflictos.test.js:102:37)\n    at Promise.then.completed (C:\\Users\\claud\\herramientas-practicar-git-herramientas-practicando-git-git-basic\\node_modules\\jest-circus\\build\\utils.js:298:28)\n    at new Promise (<anonymous>)\n    at callAsyncCircusFn (C:\\Users\\claud\\herramientas-practicar-git-herramientas-practicando-git-git-basic\\node_modules\\jest-circus\\build\\utils.js:231:10)\n    at _callCircusTest (C:\\Users\\claud\\herramientas-practicar-git-herramientas-practicando-git-git-basic\\node_modules\\jest-circus\\build\\run.js:316:40)\n    at _runTest (C:\\Users\\claud\\herramientas-practicar-git-herramientas-practicando-git-git-basic\\node_modules\\jest-circus\\build\\run.js:252:3)\n    at _runTestsForDescribeBlock (C:\\Users\\claud\\herramientas-practicar-git-herramientas-practicando-git-git-basic\\node_modules\\jest-circus\\build\\run.js:126:9)\n    at _runTestsForDescribeBlock (C:\\Users\\claud\\herramientas-practicar-git-herramientas-practicando-git-git-basic\\node_modules\\jest-circus\\build\\run.js:121:9)\n    at run (C:\\Users\\claud\\herramientas-practicar-git-herramientas-practicando-git-git-basic\\node_modules\\jest-circus\\build\\run.js:71:3)\n    at runAndTransformResultsToJestFormat (C:\\Users\\claud\\herramientas-practicar-git-herramientas-practicando-git-git-basic\\node_modules\\jest-circus\\build\\legacy-code-todo-rewrite\\jestAdapterInit.js:122:21)\n    at jestAdapter (C:\\Users\\claud\\herramientas-practicar-git-herramientas-practicando-git-git-basic\\node_modules\\jest-circus\\build\\legacy-code-todo-rewrite\\jestAdapter.js:79:19)\n    at runTestInternal (C:\\Users\\claud\\herramientas-practicar-git-herramientas-practicando-git-git-basic\\node_modules\\jest-runner\\build\\runTest.js:367:16)\n    at runTest (C:\\Users\\claud\\herramientas-practicar-git-herramientas-practicando-git-git-basic\\node_modules\\jest-runner\\build\\runTest.js:444:34)"],"fullName":"Ejercicio 7: Manejo de conflictos El repositorio debe estar limpio","invocations":1,"location":null,"numPassingAsserts":0,"retryReasons":[],"status":"failed","title":"El repositorio debe estar limpio"},{"ancestorTitles":["Ejercicio 7: Manejo de conflictos"],"duration":42,"failureDetails":[{"matcherResult":{"message":"\u001b[2mexpect(\u001b[22m\u001b[31mreceived\u001b[39m\u001b[2m).\u001b[22mtoBeGreaterThanOrEqual\u001b[2m(\u001b[22m\u001b[32mexpected\u001b[39m\u001b[2m)\u001b[22m\n\nExpected: >= \u001b[32m7\u001b[39m\nReceived:    \u001b[31m6\u001b[39m","pass":false}}],"failureMessages":["Error: \u001b[2mexpect(\u001b[22m\u001b[31mreceived\u001b[39m\u001b[2m).\u001b[22mtoBeGreaterThanOrEqual\u001b[2m(\u001b[22m\u001b[32mexpected\u001b[39m\u001b[2m)\u001b[22m\n\nExpected: >= \u001b[32m7\u001b[39m\nReceived:    \u001b[31m6\u001b[39m\n    at Object.toBeGreaterThanOrEqual (C:\\Users\\claud\\herramientas-practicar-git-herramientas-practicando-git-git-basic\\tests\\ejercicio\\7-conflictos.test.js:115:25)\n    at Promise.then.completed (C:\\Users\\claud\\herramientas-practicar-git-herramientas-practicando-git-git-basic\\node_modules\\jest-circus\\build\\utils.js:298:28)\n    at new Promise (<anonymous>)\n    at callAsyncCircusFn (C:\\Users\\claud\\herramientas-practicar-git-herramientas-practicando-git-git-basic\\node_modules\\jest-circus\\build\\utils.js:231:10)\n    at _callCircusTest (C:\\Users\\claud\\herramientas-practicar-git-herramientas-practicando-git-git-basic\\node_modules\\jest-circus\\build\\run.js:316:40)\n    at _runTest (C:\\Users\\claud\\herramientas-practicar-git-herramientas-practicando-git-git-basic\\node_modules\\jest-circus\\build\\run.js:252:3)\n    at _runTestsForDescribeBlock (C:\\Users\\claud\\herramientas-practicar-git-herramientas-practicando-git-git-basic\\node_modules\\jest-circus\\build\\run.js:126:9)\n    at _runTestsForDescribeBlock (C:\\Users\\claud\\herramientas-practicar-git-herramientas-practicando-git-git-basic\\node_modules\\jest-circus\\build\\run.js:121:9)\n    at run (C:\\Users\\claud\\herramientas-practicar-git-herramientas-practicando-git-git-basic\\node_modules\\jest-circus\\build\\run.js:71:3)\n    at runAndTransformResultsToJestFormat (C:\\Users\\claud\\herramientas-practicar-git-herramientas-practicando-git-git-basic\\node_modules\\jest-circus\\build\\legacy-code-todo-rewrite\\jestAdapterInit.js:122:21)\n    at jestAdapter (C:\\Users\\claud\\herramientas-practicar-git-herramientas-practicando-git-git-basic\\node_modules\\jest-circus\\build\\legacy-code-todo-rewrite\\jestAdapter.js:79:19)\n    at runTestInternal (C:\\Users\\claud\\herramientas-practicar-git-herramientas-practicando-git-git-basic\\node_modules\\jest-runner\\build\\runTest.js:367:16)\n    at runTest (C:\\Users\\claud\\herramientas-practicar-git-herramientas-practicando-git-git-basic\\node_modules\\jest-runner\\build\\runTest.js:444:34)"],"fullName":"Ejercicio 7: Manejo de conflictos Debe tener un número adecuado de commits","invocations":1,"location":null,"numPassingAsserts":0,"retryReasons":[],"status":"failed","title":"Debe tener un número adecuado de commits"}],"endTime":1768961569619,"message":"\u001b[1m\u001b[31m  \u001b[1m● \u001b[22m\u001b[1mEjercicio 7: Manejo de conflictos › El archivo mi-proyecto.md debe contener información del proyecto combinada\u001b[39m\u001b[22m\n\n    \u001b[2mexpect(\u001b[22m\u001b[31mreceived\u001b[39m\u001b[2m).\u001b[22mtoContain\u001b[2m(\u001b[22m\u001b[32mexpected\u001b[39m\u001b[2m) // indexOf\u001b[22m\n\n    Expected substring: \u001b[32m\"Información del proyecto\"\u001b[39m\n    Received string:    \u001b[31m\"\\\\# Mi Proyecto Git·······\u001b[39m\n    \u001b[31mEste es mi primer proyecto usando Git.·······\u001b[39m\n    \u001b[31m\\\\## Características···\u001b[39m\n    \u001b[31m\\\\- Aprendiendo Git paso a paso·······\u001b[39m\n    \u001b[31m\"\u001b[39m\n\u001b[2m\u001b[22m\n\u001b[2m    \u001b[0m \u001b[90m 11 |\u001b[39m     \u001b[22m\n\u001b[2m     \u001b[90m 12 |\u001b[39m     \u001b[36mconst\u001b[39m content \u001b[33m=\u001b[39m fs\u001b[33m.\u001b[39mreadFileSync(readmePath\u001b[33m,\u001b[39m \u001b[32m'utf8'\u001b[39m)\u001b[33m;\u001b[39m\u001b[22m\n\u001b[2m    \u001b[31m\u001b[1m>\u001b[22m\u001b[2m\u001b[39m\u001b[90m 13 |\u001b[39m     expect(content)\u001b[33m.\u001b[39mtoContain(\u001b[32m'Información del proyecto'\u001b[39m)\u001b[33m;\u001b[39m\u001b[22m\n\u001b[2m     \u001b[90m    |\u001b[39m                     \u001b[31m\u001b[1m^\u001b[22m\u001b[2m\u001b[39m\u001b[22m\n\u001b[2m     \u001b[90m 14 |\u001b[39m     \u001b[22m\n\u001b[2m     \u001b[90m 15 |\u001b[39m     \u001b[90m// No debe tener marcas de conflicto\u001b[39m\u001b[22m\n\u001b[2m     \u001b[90m 16 |\u001b[39m     expect(content)\u001b[33m.\u001b[39mnot\u001b[33m.\u001b[39mtoContain(\u001b[32m'<<<<<<<'\u001b[39m)\u001b[33m;\u001b[39m\u001b[0m\u001b[22m\n\u001b[2m\u001b[22m\n\u001b[2m      \u001b[2mat Object.toContain (\u001b[22m\u001b[2m\u001b[0m\u001b[36mtests/ejercicio/7-conflictos.test.js\u001b[39m\u001b[0m\u001b[2m:13:21)\u001b[22m\u001b[2m\u001b[22m\n\n\u001b[1m\u001b[31m  \u001b[1m● \u001b[22m\u001b[1mEjercicio 7: Manejo de conflictos › El repositorio debe estar limpio\u001b[39m\u001b[22m\n\n    \u001b[2mexpect(\u001b[22m\u001b[31mreceived\u001b[39m\u001b[2m).\u001b[22mtoBe\u001b[2m(\u001b[22m\u001b[32mexpected\u001b[39m\u001b[2m) // Object.is equality\u001b[22m\n\n    Expected: \u001b[32m0\u001b[39m\n    Received: \u001b[31m2\u001b[39m\n\u001b[2m\u001b[22m\n\u001b[2m    \u001b[0m \u001b[90m 100 |\u001b[39m     })\u001b[33m;\u001b[39m\u001b[22m\n\u001b[2m     \u001b[90m 101 |\u001b[39m     \u001b[22m\n\u001b[2m    \u001b[31m\u001b[1m>\u001b[22m\u001b[2m\u001b[39m\u001b[90m 102 |\u001b[39m     expect(unignoredChanges\u001b[33m.\u001b[39mlength)\u001b[33m.\u001b[39mtoBe(\u001b[35m0\u001b[39m)\u001b[33m;\u001b[39m\u001b[22m\n\u001b[2m     \u001b[90m     |\u001b[39m                                     \u001b[31m\u001b[1m^\u001b[22m\u001b[2m\u001b[39m\u001b[22m\n\u001b[2m     \u001b[90m 103 |\u001b[39m   })\u001b[33m;\u001b[39m\u001b[22m\n\u001b[2m     \u001b[90m 104 |\u001b[39m\u001b[22m\n\u001b[2m     \u001b[90m 105 |\u001b[39m   test(\u001b[32m'Debe tener un número adecuado de commits'\u001b[39m\u001b[33m,\u001b[39m () \u001b[33m=>\u001b[39m {\u001b[0m\u001b[22m\n\u001b[2m\u001b[22m\n\u001b[2m      \u001b[2mat Object.toBe (\u001b[22m\u001b[2m\u001b[0m\u001b[36mtests/ejercicio/7-conflictos.test.js\u001b[39m\u001b[0m\u001b[2m:102:37)\u001b[22m\u001b[2m\u001b[22m\n\n\u001b[1m\u001b[31m  \u001b[1m● \u001b[22m\u001b[1mEjercicio 7: Manejo de conflictos › Debe tener un número adecuado de commits\u001b[39m\u001b[22m\n\n    \u001b[2mexpect(\u001b[22m\u001b[31mreceived\u001b[39m\u001b[2m).\u001b[22mtoBeGreaterThanOrEqual\u001b[2m(\u001b[22m\u001b[32mexpected\u001b[39m\u001b[2m)\u001b[22m\n\n    Expected: >= \u001b[32m7\u001b[39m\n    Received:    \u001b[31m6\u001b[39m\n\u001b[2m\u001b[22m\n\u001b[2m    \u001b[0m \u001b[90m 113 |\u001b[39m     }\u001b[22m\n\u001b[2m     \u001b[90m 114 |\u001b[39m     \u001b[22m\n\u001b[2m    \u001b[31m\u001b[1m>\u001b[22m\u001b[2m\u001b[39m\u001b[90m 115 |\u001b[39m     expect(commitCount)\u001b[33m.\u001b[39mtoBeGreaterThanOrEqual(\u001b[35m7\u001b[39m)\u001b[33m;\u001b[39m\u001b[22m\n\u001b[2m     \u001b[90m     |\u001b[39m                         \u001b[31m\u001b[1m^\u001b[22m\u001b[2m\u001b[39m\u001b[22m\n\u001b[2m     \u001b[90m 116 |\u001b[39m   })\u001b[33m;\u001b[39m\u001b[22m\n\u001b[2m     \u001b[90m 117 |\u001b[39m })\u001b[33m;\u001b[39m\u001b[22m\n\u001b[2m     \u001b[90m 118 |\u001b[39m\u001b[0m\u001b[22m\n\u001b[2m\u001b[22m\n\u001b[2m      \u001b[2mat Object.toBeGreaterThanOrEqual (\u001b[22m\u001b[2m\u001b[0m\u001b[36mtests/ejercicio/7-conflictos.test.js\u001b[39m\u001b[0m\u001b[2m:115:25)\u001b[22m\u001b[2m\u001b[22m\n","name":"C:\\Users\\claud\\herramientas-practicar-git-herramientas-practicando-git-git-basic\\tests\\ejercicio\\7-conflictos.test.js","startTime":1768961569035,"status":"failed","summary":""},{"assertionResults":[{"ancestorTitles":["Ejercicio 6: Clonar y pull de GitHub"],"duration":1,"failureDetails":[{"matcherResult":{"actual":false,"expected":true,"message":"\u001b[2mexpect(\u001b[22m\u001b[31mreceived\u001b[39m\u001b[2m).\u001b[22mtoBe\u001b[2m(\u001b[22m\u001b[32mexpected\u001b[39m\u001b[2m) // Object.is equality\u001b[22m\n\nExpected: \u001b[32mtrue\u001b[39m\nReceived: \u001b[31mfalse\u001b[39m","name":"toBe","pass":false}}],"failureMessages":["Error: \u001b[2mexpect(\u001b[22m\u001b[31mreceived\u001b[39m\u001b[2m).\u001b[22mtoBe\u001b[2m(\u001b[22m\u001b[32mexpected\u001b[39m\u001b[2m) // Object.is equality\u001b[22m\n\nExpected: \u001b[32mtrue\u001b[39m\nReceived: \u001b[31mfalse\u001b[39m\n    at Object.toBe (C:\\Users\\claud\\herramientas-practicar-git-herramientas-practicando-git-git-basic\\tests\\ejercicio\\6-pull-clone.test.js:20:29)\n    at Promise.then.completed (C:\\Users\\claud\\herramientas-practicar-git-herramientas-practicando-git-git-basic\\node_modules\\jest-circus\\build\\utils.js:298:28)\n    at new Promise (<anonymous>)\n    at callAsyncCircusFn (C:\\Users\\claud\\herramientas-practicar-git-herramientas-practicando-git-git-basic\\node_modules\\jest-circus\\build\\utils.js:231:10)\n    at _callCircusTest (C:\\Users\\claud\\herramientas-practicar-git-herramientas-practicando-git-git-basic\\node_modules\\jest-circus\\build\\run.js:316:40)\n    at _runTest (C:\\Users\\claud\\herramientas-practicar-git-herramientas-practicando-git-git-basic\\node_modules\\jest-circus\\build\\run.js:252:3)\n    at _runTestsForDescribeBlock (C:\\Users\\claud\\herramientas-practicar-git-herramientas-practicando-git-git-basic\\node_modules\\jest-circus\\build\\run.js:126:9)\n    at _runTestsForDescribeBlock (C:\\Users\\claud\\herramientas-practicar-git-herramientas-practicando-git-git-basic\\node_modules\\jest-circus\\build\\run.js:121:9)\n    at run (C:\\Users\\claud\\herramientas-practicar-git-herramientas-practicando-git-git-basic\\node_modules\\jest-circus\\build\\run.js:71:3)\n    at runAndTransformResultsToJestFormat (C:\\Users\\claud\\herramientas-practicar-git-herramientas-practicando-git-git-basic\\node_modules\\jest-circus\\build\\legacy-code-todo-rewrite\\jestAdapterInit.js:122:21)\n    at jestAdapter (C:\\Users\\claud\\herramientas-practicar-git-herramientas-practicando-git-git-basic\\node_modules\\jest-circus\\build\\legacy-code-todo-rewrite\\jestAdapter.js:79:19)\n    at runTestInternal (C:\\Users\\claud\\herramientas-practicar-git-herramientas-practicando-git-git-basic\\node_modules\\jest-runner\\build\\runTest.js:367:16)\n    at runTest (C:\\Users\\claud\\herramientas-practicar-git-herramientas-practicando-git-git-basic\\node_modules\\jest-runner\\build\\runTest.js:444:34)"],"fullName":"Ejercicio 6: Clonar y pull de GitHub El archivo mi-proyecto.md debe contener la actualización desde GitHub","invocations":1,"location":null,"numPassingAsserts":1,"retryReasons":[],"status":"failed","title":"El archivo mi-proyecto.md debe contener la actualización desde GitHub"},{"ancestorTitles":["Ejercicio 6: Clonar y pull de GitHub"],"duration":0,"failureDetails":[{"matcherResult":{"actual":false,"expected":true,"message":"\u001b[2mexpect(\u001b[22m\u001b[31mreceived\u001b[39m\u001b[2m).\u001b[22mtoBe\u001b[2m(\u001b[22m\u001b[32mexpected\u001b[39m\u001b[2m) // Object.is equality\u001b[22m\n\nExpected: \u001b[32mtrue\u001b[39m\nReceived: \u001b[31mfalse\u001b[39m","name":"toBe","pass":false}}],"failureMessages":["Error: \u001b[2mexpect(\u001b[22m\u001b[31mreceived\u001b[39m\u001b[2m).\u001b[22mtoBe\u001b[2m(\u001b[22m\u001b[32mexpected\u001b[39m\u001b[2m) // Object.is equality\u001b[22m\n\nExpected: \u001b[32mtrue\u001b[39m\nReceived: \u001b[31mfalse\u001b[39m\n    at Object.toBe (C:\\Users\\claud\\herramientas-practicar-git-herramientas-practicando-git-git-basic\\tests\\ejercicio\\6-pull-clone.test.js:25:41)\n    at Promise.then.completed (C:\\Users\\claud\\herramientas-practicar-git-herramientas-practicando-git-git-basic\\node_modules\\jest-circus\\build\\utils.js:298:28)\n    at new Promise (<anonymous>)\n    at callAsyncCircusFn (C:\\Users\\claud\\herramientas-practicar-git-herramientas-practicando-git-git-basic\\node_modules\\jest-circus\\build\\utils.js:231:10)\n    at _callCircusTest (C:\\Users\\claud\\herramientas-practicar-git-herramientas-practicando-git-git-basic\\node_modules\\jest-circus\\build\\run.js:316:40)\n    at _runTest (C:\\Users\\claud\\herramientas-practicar-git-herramientas-practicando-git-git-basic\\node_modules\\jest-circus\\build\\run.js:252:3)\n    at _runTestsForDescribeBlock (C:\\Users\\claud\\herramientas-practicar-git-herramientas-practicando-git-git-basic\\node_modules\\jest-circus\\build\\run.js:126:9)\n    at _runTestsForDescribeBlock (C:\\Users\\claud\\herramientas-practicar-git-herramientas-practicando-git-git-basic\\node_modules\\jest-circus\\build\\run.js:121:9)\n    at run (C:\\Users\\claud\\herramientas-practicar-git-herramientas-practicando-git-git-basic\\node_modules\\jest-circus\\build\\run.js:71:3)\n    at runAndTransformResultsToJestFormat (C:\\Users\\claud\\herramientas-practicar-git-herramientas-practicando-git-git-basic\\node_modules\\jest-circus\\build\\legacy-code-todo-rewrite\\jestAdapterInit.js:122:21)\n    at jestAdapter (C:\\Users\\claud\\herramientas-practicar-git-herramientas-practicando-git-git-basic\\node_modules\\jest-circus\\build\\legacy-code-todo-rewrite\\jestAdapter.js:79:19)\n    at runTestInternal (C:\\Users\\claud\\herramientas-practicar-git-herramientas-practicando-git-git-basic\\node_modules\\jest-runner\\build\\runTest.js:367:16)\n    at runTest (C:\\Users\\claud\\herramientas-practicar-git-herramientas-practicando-git-git-basic\\node_modules\\jest-runner\\build\\runTest.js:444:34)"],"fullName":"Ejercicio 6: Clonar y pull de GitHub El archivo sync-test.txt debe existir","invocations":1,"location":null,"numPassingAsserts":0,"retryReasons":[],"status":"failed","title":"El archivo sync-test.txt debe existir"},{"ancestorTitles":["Ejercicio 6: Clonar y pull de GitHub"],"duration":45,"failureDetails":[],"failureMessages":[],"fullName":"Ejercicio 6: Clonar y pull de GitHub Debe tener al menos 6 commits","invocations":1,"location":null,"numPassingAsserts":1,"retryReasons":[],"status":"passed","title":"Debe tener al menos 6 commits"},{"ancestorTitles":["Ejercicio 6: Clonar y pull de GitHub"],"duration":43,"failureDetails":[{"matcherResult":{"message":"\u001b[2mexpect(\u001b[22m\u001b[31mreceived\u001b[39m\u001b[2m).\u001b[22mtoContain\u001b[2m(\u001b[22m\u001b[32mexpected\u001b[39m\u001b[2m) // indexOf\u001b[22m\n\nExpected substring: \u001b[32m\"sync-test.txt\"\u001b[39m\nReceived string:    \u001b[31m\".autograding/README.md\u001b[39m\n\u001b[31m.autograding/jest-autograding-reporter.js\u001b[39m\n\u001b[31m.autograding/run-tests-and-generate-results.js\u001b[39m\n\u001b[31m.autograding/validate-results.js\u001b[39m\n\u001b[31m.devcontainer/devcontainer.json\u001b[39m\n\u001b[31m.dockerignore\u001b[39m\n\u001b[31m.github/classroom/autograding.json\u001b[39m\n\u001b[31m.github/workflows/classroom.yml\u001b[39m\n\u001b[31m.gitignore\u001b[39m\n\u001b[31mAUTHORS.md\u001b[39m\n\u001b[31mCHANGELOG.md\u001b[39m\n\u001b[31mDockerfile\u001b[39m\n\u001b[31mREADME.md\u001b[39m\n\u001b[31mcoverage/lcov-report/base.css\u001b[39m\n\u001b[31mcoverage/lcov-report/block-navigation.js\u001b[39m\n\u001b[31mcoverage/lcov-report/favicon.png\u001b[39m\n\u001b[31mcoverage/lcov-report/index.html\u001b[39m\n\u001b[31mcoverage/lcov-report/prettify.css\u001b[39m\n\u001b[31mcoverage/lcov-report/prettify.js\u001b[39m\n\u001b[31mcoverage/lcov-report/sort-arrow-sprite.png\u001b[39m\n\u001b[31mcoverage/lcov-report/sorter.js\u001b[39m\n\u001b[31mcoverage/lcov.info\u001b[39m\n\u001b[31mdocs/notas.txt\u001b[39m\n\u001b[31mejercicios/ejercicio-1-git-init.md\u001b[39m\n\u001b[31mejercicios/ejercicio-2-primer-commit.md\u001b[39m\n\u001b[31mejercicios/ejercicio-3-modificar-commits.md\u001b[39m\n\u001b[31mejercicios/ejercicio-4-ramas.md\u001b[39m\n\u001b[31mejercicios/ejercicio-5-github-push.md\u001b[39m\n\u001b[31mejercicios/ejercicio-6-pull-clone.md\u001b[39m\n\u001b[31mejercicios/ejercicio-7-conflictos.md\u001b[39m\n\u001b[31mfeatures.txt\u001b[39m\n\u001b[31mjest.config.js\u001b[39m\n\u001b[31mmi-proyecto.md\u001b[39m\n\u001b[31mpackage-lock.json\u001b[39m\n\u001b[31mpackage.json\u001b[39m\n\u001b[31mtest-results.json\u001b[39m\n\u001b[31mtests/ejercicio/1-git-init.test.js\u001b[39m\n\u001b[31mtests/ejercicio/2-primer-commit.test.js\u001b[39m\n\u001b[31mtests/ejercicio/3-modificar-commits.test.js\u001b[39m\n\u001b[31mtests/ejercicio/4-ramas.test.js\u001b[39m\n\u001b[31mtests/ejercicio/5-github-push.test.js\u001b[39m\n\u001b[31mtests/ejercicio/6-pull-clone.test.js\u001b[39m\n\u001b[31mtests/ejercicio/7-conflictos.test.js\u001b[39m\n\u001b[31mtests/setup.js\u001b[39m\n\u001b[31mtests/test-runner.js\u001b[39m\n\u001b[31mverificar-ejercicios.sh\u001b[39m\n\u001b[31m\"\u001b[39m","pass":false}}],"failureMessages":["Error: \u001b[2mexpect(\u001b[22m\u001b[31mreceived\u001b[39m\u001b[2m).\u001b[22mtoContain\u001b[2m(\u001b[22m\u001b[32mexpected\u001b[39m\u001b[2m) // indexOf\u001b[22m\n\nExpected substring: \u001b[32m\"sync-test.txt\"\u001b[39m\nReceived string:    \u001b[31m\".autograding/README.md\u001b[39m\n\u001b[31m.autograding/jest-autograding-reporter.js\u001b[39m\n\u001b[31m.autograding/run-tests-and-generate-results.js\u001b[39m\n\u001b[31m.autograding/validate-results.js\u001b[39m\n\u001b[31m.devcontainer/devcontainer.json\u001b[39m\n\u001b[31m.dockerignore\u001b[39m\n\u001b[31m.github/classroom/autograding.json\u001b[39m\n\u001b[31m.github/workflows/classroom.yml\u001b[39m\n\u001b[31m.gitignore\u001b[39m\n\u001b[31mAUTHORS.md\u001b[39m\n\u001b[31mCHANGELOG.md\u001b[39m\n\u001b[31mDockerfile\u001b[39m\n\u001b[31mREADME.md\u001b[39m\n\u001b[31mcoverage/lcov-report/base.css\u001b[39m\n\u001b[31mcoverage/lcov-report/block-navigation.js\u001b[39m\n\u001b[31mcoverage/lcov-report/favicon.png\u001b[39m\n\u001b[31mcoverage/lcov-report/index.html\u001b[39m\n\u001b[31mcoverage/lcov-report/prettify.css\u001b[39m\n\u001b[31mcoverage/lcov-report/prettify.js\u001b[39m\n\u001b[31mcoverage/lcov-report/sort-arrow-sprite.png\u001b[39m\n\u001b[31mcoverage/lcov-report/sorter.js\u001b[39m\n\u001b[31mcoverage/lcov.info\u001b[39m\n\u001b[31mdocs/notas.txt\u001b[39m\n\u001b[31mejercicios/ejercicio-1-git-init.md\u001b[39m\n\u001b[31mejercicios/ejercicio-2-primer-commit.md\u001b[39m\n\u001b[31mejercicios/ejercicio-3-modificar-commits.md\u001b[39m\n\u001b[31mejercicios/ejercicio-4-ramas.md\u001b[39m\n\u001b[31mejercicios/ejercicio-5-github-push.md\u001b[39m\n\u001b[31mejercicios/ejercicio-6-pull-clone.md\u001b[39m\n\u001b[31mejercicios/ejercicio-7-conflictos.md\u001b[39m\n\u001b[31mfeatures.txt\u001b[39m\n\u001b[31mjest.config.js\u001b[39m\n\u001b[31mmi-proyecto.md\u001b[39m\n\u001b[31mpackage-lock.json\u001b[39m\n\u001b[31mpackage.json\u001b[39m\n\u001b[31mtest-results.json\u001b[39m\n\u001b[31mtests/ejercicio/1-git-init.test.js\u001b[39m\n\u001b[31mtests/ejercicio/2-primer-commit.test.js\u001b[39m\n\u001b[31mtests/ejercicio/3-modificar-commits.test.js\u001b[39m\n\u001b[31mtests/ejercicio/4-ramas.test.js\u001b[39m\n\u001b[31mtests/ejercicio/5-github-push.test.js\u001b[39m\n\u001b[31mtests/ejercicio/6-pull-clone.test.js\u001b[39m\n\u001b[31mtests/ejercicio/7-conflictos.test.js\u001b[39m\n\u001b[31mtests/setup.js\u001b[39m\n\u001b[31mtests/test-runner.js\u001b[39m\n\u001b[31mverificar-ejercicios.sh\u001b[39m\n\u001b[31m\"\u001b[39m\n    at Object.toContain (C:\\Users\\claud\\herramientas-practicar-git-herramientas-practicando-git-git-basic\\tests\\ejercicio\\6-pull-clone.test.js:53:26)\n    at Promise.then.completed (C:\\Users\\claud\\herramientas-practicar-git-herramientas-practicando-git-git-basic\\node_modules\\jest-circus\\build\\utils.js:298:28)\n    at new Promise (<anonymous>)\n    at callAsyncCircusFn (C:\\Users\\claud\\herramientas-practicar-git-herramientas-practicando-git-git-basic\\node_modules\\jest-circus\\build\\utils.js:231:10)\n    at _callCircusTest (C:\\Users\\claud\\herramientas-practicar-git-herramientas-practicando-git-git-basic\\node_modules\\jest-circus\\build\\run.js:316:40)\n    at _runTest (C:\\Users\\claud\\herramientas-practicar-git-herramientas-practicando-git-git-basic\\node_modules\\jest-circus\\build\\run.js:252:3)\n    at _runTestsForDescribeBlock (C:\\Users\\claud\\herramientas-practicar-git-herramientas-practicando-git-git-basic\\node_modules\\jest-circus\\build\\run.js:126:9)\n    at _runTestsForDescribeBlock (C:\\Users\\claud\\herramientas-practicar-git-herramientas-practicando-git-git-basic\\node_modules\\jest-circus\\build\\run.js:121:9)\n    at run (C:\\Users\\claud\\herramientas-practicar-git-herramientas-practicando-git-git-basic\\node_modules\\jest-circus\\build\\run.js:71:3)\n    at runAndTransformResultsToJestFormat (C:\\Users\\claud\\herramientas-practicar-git-herramientas-practicando-git-git-basic\\node_modules\\jest-circus\\build\\legacy-code-todo-rewrite\\jestAdapterInit.js:122:21)\n    at jestAdapter (C:\\Users\\claud\\herramientas-practicar-git-herramientas-practicando-git-git-basic\\node_modules\\jest-circus\\build\\legacy-code-todo-rewrite\\jestAdapter.js:79:19)\n    at runTestInternal (C:\\Users\\claud\\herramientas-practicar-git-herramientas-practicando-git-git-basic\\node_modules\\jest-runner\\build\\runTest.js:367:16)\n    at runTest (C:\\Users\\claud\\herramientas-practicar-git-herramientas-practicando-git-git-basic\\node_modules\\jest-runner\\build\\runTest.js:444:34)"],"fullName":"Ejercicio 6: Clonar y pull de GitHub El archivo sync-test.txt debe estar trackeado en Git","invocations":1,"location":null,"numPassingAsserts":0,"retryReasons":[],"status":"failed","title":"El archivo sync-test.txt debe estar trackeado en Git"},{"ancestorTitles":["Ejercicio 6: Clonar y pull de GitHub"],"duration":50,"failureDetails":[],"failureMessages":[],"fullName":"Ejercicio 6: Clonar y pull de GitHub Debe tener commits que indiquen sincronización","invocations":1,"location":null,"numPassingAsserts":1,"retryReasons":[],"status":"passed","title":"Debe tener commits que indiquen sincronización"},{"ancestorTitles":["Ejercicio 6: Clonar y pull de GitHub"],"duration":44,"failureDetails":[{"matcherResult":{"actual":2,"expected":0,"message":"\u001b[2mexpect(\u001b[22m\u001b[31mreceived\u001b[39m\u001b[2m).\u001b[22mtoBe\u001b[2m(\u001b[22m\u001b[32mexpected\u001b[39m\u001b[2m) // Object.is equality\u001b[22m\n\nExpected: \u001b[32m0\u001b[39m\nReceived: \u001b[31m2\u001b[39m","name":"toBe","pass":false}}],"failureMessages":["Error: \u001b[2mexpect(\u001b[22m\u001b[31mreceived\u001b[39m\u001b[2m).\u001b[22mtoBe\u001b[2m(\u001b[22m\u001b[32mexpected\u001b[39m\u001b[2m) // Object.is equality\u001b[22m\n\nExpected: \u001b[32m0\u001b[39m\nReceived: \u001b[31m2\u001b[39m\n    at Object.toBe (C:\\Users\\claud\\herramientas-practicar-git-herramientas-practicando-git-git-basic\\tests\\ejercicio\\6-pull-clone.test.js:93:37)\n    at Promise.then.completed (C:\\Users\\claud\\herramientas-practicar-git-herramientas-practicando-git-git-basic\\node_modules\\jest-circus\\build\\utils.js:298:28)\n    at new Promise (<anonymous>)\n    at callAsyncCircusFn (C:\\Users\\claud\\herramientas-practicar-git-herramientas-practicando-git-git-basic\\node_modules\\jest-circus\\build\\utils.js:231:10)\n    at _callCircusTest (C:\\Users\\claud\\herramientas-practicar-git-herramientas-practicando-git-git-basic\\node_modules\\jest-circus\\build\\run.js:316:40)\n    at _runTest (C:\\Users\\claud\\herramientas-practicar-git-herramientas-practicando-git-git-basic\\node_modules\\jest-circus\\build\\run.js:252:3)\n    at _runTestsForDescribeBlock (C:\\Users\\claud\\herramientas-practicar-git-herramientas-practicando-git-git-basic\\node_modules\\jest-circus\\build\\run.js:126:9)\n    at _runTestsForDescribeBlock (C:\\Users\\claud\\herramientas-practicar-git-herramientas-practicando-git-git-basic\\node_modules\\jest-circus\\build\\run.js:121:9)\n    at run (C:\\Users\\claud\\herramientas-practicar-git-herramientas-practicando-git-git-basic\\node_modules\\jest-circus\\build\\run.js:71:3)\n    at runAndTransformResultsToJestFormat (C:\\Users\\claud\\herramientas-practicar-git-herramientas-practicando-git-git-basic\\node_modules\\jest-circus\\build\\legacy-code-todo-rewrite\\jestAdapterInit.js:122:21)\n    at jestAdapter (C:\\Users\\claud\\herramientas-practicar-git-herramientas-practicando-git-git-basic\\node_modules\\jest-circus\\build\\legacy-code-todo-rewrite\\jestAdapter.js:79:19)\n    at runTestInternal (C:\\Users\\claud\\herramientas-practicar-git-herramientas-practicando-git-git-basic\\node_modules\\jest-runner\\build\\runTest.js:367:16)\n    at runTest (C:\\Users\\claud\\herramientas-practicar-git-herramientas-practicando-git-git-basic\\node_modules\\jest-runner\\build\\runTest.js:444:34)"],"fullName":"Ejercicio 6: Clonar y pull de GitHub El repositorio debe estar limpio (sin cambios pendientes)","invocations":1,"location":null,"numPassingAsserts":0,"retryReasons":[],"status":"failed","title":"El repositorio debe estar limpio (sin cambios pendientes)"}],"endTime":1768961570004,"message":"\u001b[1m\u001b[31m  \u001b[1m● \u001b[22m\u001b[1mEjercicio 6: Clonar y pull de GitHub › El archivo mi-proyecto.md debe contener la actualización desde GitHub\u001b[39m\u001b[22m\n\n    \u001b[2mexpect(\u001b[22m\u001b[31mreceived\u001b[39m\u001b[2m).\u001b[22mtoBe\u001b[2m(\u001b[22m\u001b[32mexpected\u001b[39m\u001b[2m) // Object.is equality\u001b[22m\n\n    Expected: \u001b[32mtrue\u001b[39m\n    Received: \u001b[31mfalse\u001b[39m\n\u001b[2m\u001b[22m\n\u001b[2m    \u001b[0m \u001b[90m 18 |\u001b[39m                            content\u001b[33m.\u001b[39mincludes(\u001b[32m'Editado'\u001b[39m)\u001b[33m;\u001b[39m\u001b[22m\n\u001b[2m     \u001b[90m 19 |\u001b[39m     \u001b[22m\n\u001b[2m    \u001b[31m\u001b[1m>\u001b[22m\u001b[2m\u001b[39m\u001b[90m 20 |\u001b[39m     expect(hasGithubUpdate)\u001b[33m.\u001b[39mtoBe(\u001b[36mtrue\u001b[39m)\u001b[33m;\u001b[39m\u001b[22m\n\u001b[2m     \u001b[90m    |\u001b[39m                             \u001b[31m\u001b[1m^\u001b[22m\u001b[2m\u001b[39m\u001b[22m\n\u001b[2m     \u001b[90m 21 |\u001b[39m   })\u001b[33m;\u001b[39m\u001b[22m\n\u001b[2m     \u001b[90m 22 |\u001b[39m   \u001b[22m\n\u001b[2m     \u001b[90m 23 |\u001b[39m   test(\u001b[32m'El archivo sync-test.txt debe existir'\u001b[39m\u001b[33m,\u001b[39m () \u001b[33m=>\u001b[39m {\u001b[0m\u001b[22m\n\u001b[2m\u001b[22m\n\u001b[2m      \u001b[2mat Object.toBe (\u001b[22m\u001b[2m\u001b[0m\u001b[36mtests/ejercicio/6-pull-clone.test.js\u001b[39m\u001b[0m\u001b[2m:20:29)\u001b[22m\u001b[2m\u001b[22m\n\n\u001b[1m\u001b[31m  \u001b[1m● \u001b[22m\u001b[1mEjercicio 6: Clonar y pull de GitHub › El archivo sync-test.txt debe existir\u001b[39m\u001b[22m\n\n    \u001b[2mexpect(\u001b[22m\u001b[31mreceived\u001b[39m\u001b[2m).\u001b[22mtoBe\u001b[2m(\u001b[22m\u001b[32mexpected\u001b[39m\u001b[2m) // Object.is equality\u001b[22m\n\n    Expected: \u001b[32mtrue\u001b[39m\n    Received: \u001b[31mfalse\u001b[39m\n\u001b[2m\u001b[22m\n\u001b[2m    \u001b[0m \u001b[90m 23 |\u001b[39m   test(\u001b[32m'El archivo sync-test.txt debe existir'\u001b[39m\u001b[33m,\u001b[39m () \u001b[33m=>\u001b[39m {\u001b[22m\n\u001b[2m     \u001b[90m 24 |\u001b[39m     \u001b[36mconst\u001b[39m syncTestPath \u001b[33m=\u001b[39m path\u001b[33m.\u001b[39mjoin(rootPath\u001b[33m,\u001b[39m \u001b[32m'sync-test.txt'\u001b[39m)\u001b[33m;\u001b[39m\u001b[22m\n\u001b[2m    \u001b[31m\u001b[1m>\u001b[22m\u001b[2m\u001b[39m\u001b[90m 25 |\u001b[39m     expect(fs\u001b[33m.\u001b[39mexistsSync(syncTestPath))\u001b[33m.\u001b[39mtoBe(\u001b[36mtrue\u001b[39m)\u001b[33m;\u001b[39m\u001b[22m\n\u001b[2m     \u001b[90m    |\u001b[39m                                         \u001b[31m\u001b[1m^\u001b[22m\u001b[2m\u001b[39m\u001b[22m\n\u001b[2m     \u001b[90m 26 |\u001b[39m     \u001b[22m\n\u001b[2m     \u001b[90m 27 |\u001b[39m     \u001b[36mconst\u001b[39m content \u001b[33m=\u001b[39m fs\u001b[33m.\u001b[39mreadFileSync(syncTestPath\u001b[33m,\u001b[39m \u001b[32m'utf8'\u001b[39m)\u001b[33m.\u001b[39mtrim()\u001b[33m;\u001b[39m\u001b[22m\n\u001b[2m     \u001b[90m 28 |\u001b[39m     expect(content\u001b[33m.\u001b[39mlength)\u001b[33m.\u001b[39mtoBeGreaterThan(\u001b[35m0\u001b[39m)\u001b[33m;\u001b[39m\u001b[0m\u001b[22m\n\u001b[2m\u001b[22m\n\u001b[2m      \u001b[2mat Object.toBe (\u001b[22m\u001b[2m\u001b[0m\u001b[36mtests/ejercicio/6-pull-clone.test.js\u001b[39m\u001b[0m\u001b[2m:25:41)\u001b[22m\u001b[2m\u001b[22m\n\n\u001b[1m\u001b[31m  \u001b[1m● \u001b[22m\u001b[1mEjercicio 6: Clonar y pull de GitHub › El archivo sync-test.txt debe estar trackeado en Git\u001b[39m\u001b[22m\n\n    \u001b[2mexpect(\u001b[22m\u001b[31mreceived\u001b[39m\u001b[2m).\u001b[22mtoContain\u001b[2m(\u001b[22m\u001b[32mexpected\u001b[39m\u001b[2m) // indexOf\u001b[22m\n\n    Expected substring: \u001b[32m\"sync-test.txt\"\u001b[39m\n    Received string:    \u001b[31m\".autograding/README.md\u001b[39m\n    \u001b[31m.autograding/jest-autograding-reporter.js\u001b[39m\n    \u001b[31m.autograding/run-tests-and-generate-results.js\u001b[39m\n    \u001b[31m.autograding/validate-results.js\u001b[39m\n    \u001b[31m.devcontainer/devcontainer.json\u001b[39m\n    \u001b[31m.dockerignore\u001b[39m\n    \u001b[31m.github/classroom/autograding.json\u001b[39m\n    \u001b[31m.github/workflows/classroom.yml\u001b[39m\n    \u001b[31m.gitignore\u001b[39m\n    \u001b[31mAUTHORS.md\u001b[39m\n    \u001b[31mCHANGELOG.md\u001b[39m\n    \u001b[31mDockerfile\u001b[39m\n    \u001b[31mREADME.md\u001b[39m\n    \u001b[31mcoverage/lcov-report/base.css\u001b[39m\n    \u001b[31mcoverage/lcov-report/block-navigation.js\u001b[39m\n    \u001b[31mcoverage/lcov-report/favicon.png\u001b[39m\n    \u001b[31mcoverage/lcov-report/index.html\u001b[39m\n    \u001b[31mcoverage/lcov-report/prettify.css\u001b[39m\n    \u001b[31mcoverage/lcov-report/prettify.js\u001b[39m\n    \u001b[31mcoverage/lcov-report/sort-arrow-sprite.png\u001b[39m\n    \u001b[31mcoverage/lcov-report/sorter.js\u001b[39m\n    \u001b[31mcoverage/lcov.info\u001b[39m\n    \u001b[31mdocs/notas.txt\u001b[39m\n    \u001b[31mejercicios/ejercicio-1-git-init.md\u001b[39m\n    \u001b[31mejercicios/ejercicio-2-primer-commit.md\u001b[39m\n    \u001b[31mejercicios/ejercicio-3-modificar-commits.md\u001b[39m\n    \u001b[31mejercicios/ejercicio-4-ramas.md\u001b[39m\n    \u001b[31mejercicios/ejercicio-5-github-push.md\u001b[39m\n    \u001b[31mejercicios/ejercicio-6-pull-clone.md\u001b[39m\n    \u001b[31mejercicios/ejercicio-7-conflictos.md\u001b[39m\n    \u001b[31mfeatures.txt\u001b[39m\n    \u001b[31mjest.config.js\u001b[39m\n    \u001b[31mmi-proyecto.md\u001b[39m\n    \u001b[31mpackage-lock.json\u001b[39m\n    \u001b[31mpackage.json\u001b[39m\n    \u001b[31mtest-results.json\u001b[39m\n    \u001b[31mtests/ejercicio/1-git-init.test.js\u001b[39m\n    \u001b[31mtests/ejercicio/2-primer-commit.test.js\u001b[39m\n    \u001b[31mtests/ejercicio/3-modificar-commits.test.js\u001b[39m\n    \u001b[31mtests/ejercicio/4-ramas.test.js\u001b[39m\n    \u001b[31mtests/ejercicio/5-github-push.test.js\u001b[39m\n    \u001b[31mtests/ejercicio/6-pull-clone.test.js\u001b[39m\n    \u001b[31mtests/ejercicio/7-conflictos.test.js\u001b[39m\n    \u001b[31mtests/setup.js\u001b[39m\n    \u001b[31mtests/test-runner.js\u001b[39m\n    \u001b[31mverificar-ejercicios.sh\u001b[39m\n    \u001b[31m\"\u001b[39m\n\u001b[2m\u001b[22m\n\u001b[2m    \u001b[0m \u001b[90m 51 |\u001b[39m     }\u001b[22m\n\u001b[2m     \u001b[90m 52 |\u001b[39m     \u001b[22m\n\u001b[2m    \u001b[31m\u001b[1m>\u001b[22m\u001b[2m\u001b[39m\u001b[90m 53 |\u001b[39m     expect(trackedFiles)\u001b[33m.\u001b[39mtoContain(\u001b[32m'sync-test.txt'\u001b[39m)\u001b[33m;\u001b[39m\u001b[22m\n\u001b[2m     \u001b[90m    |\u001b[39m                          \u001b[31m\u001b[1m^\u001b[22m\u001b[2m\u001b[39m\u001b[22m\n\u001b[2m     \u001b[90m 54 |\u001b[39m   })\u001b[33m;\u001b[39m\u001b[22m\n\u001b[2m     \u001b[90m 55 |\u001b[39m\u001b[22m\n\u001b[2m     \u001b[90m 56 |\u001b[39m   test(\u001b[32m'Debe tener commits que indiquen sincronización'\u001b[39m\u001b[33m,\u001b[39m () \u001b[33m=>\u001b[39m {\u001b[0m\u001b[22m\n\u001b[2m\u001b[22m\n\u001b[2m      \u001b[2mat Object.toContain (\u001b[22m\u001b[2m\u001b[0m\u001b[36mtests/ejercicio/6-pull-clone.test.js\u001b[39m\u001b[0m\u001b[2m:53:26)\u001b[22m\u001b[2m\u001b[22m\n\n\u001b[1m\u001b[31m  \u001b[1m● \u001b[22m\u001b[1mEjercicio 6: Clonar y pull de GitHub › El repositorio debe estar limpio (sin cambios pendientes)\u001b[39m\u001b[22m\n\n    \u001b[2mexpect(\u001b[22m\u001b[31mreceived\u001b[39m\u001b[2m).\u001b[22mtoBe\u001b[2m(\u001b[22m\u001b[32mexpected\u001b[39m\u001b[2m) // Object.is equality\u001b[22m\n\n    Expected: \u001b[32m0\u001b[39m\n    Received: \u001b[31m2\u001b[39m\n\u001b[2m\u001b[22m\n\u001b[2m    \u001b[0m \u001b[90m 91 |\u001b[39m     })\u001b[33m;\u001b[39m\u001b[22m\n\u001b[2m     \u001b[90m 92 |\u001b[39m     \u001b[22m\n\u001b[2m    \u001b[31m\u001b[1m>\u001b[22m\u001b[2m\u001b[39m\u001b[90m 93 |\u001b[39m     expect(unignoredChanges\u001b[33m.\u001b[39mlength)\u001b[33m.\u001b[39mtoBe(\u001b[35m0\u001b[39m)\u001b[33m;\u001b[39m\u001b[22m\n\u001b[2m     \u001b[90m    |\u001b[39m                                     \u001b[31m\u001b[1m^\u001b[22m\u001b[2m\u001b[39m\u001b[22m\n\u001b[2m     \u001b[90m 94 |\u001b[39m   })\u001b[33m;\u001b[39m\u001b[22m\n\u001b[2m     \u001b[90m 95 |\u001b[39m })\u001b[33m;\u001b[39m\u001b[22m\n\u001b[2m     \u001b[90m 96 |\u001b[39m\u001b[0m\u001b[22m\n\u001b[2m\u001b[22m\n\u001b[2m      \u001b[2mat Object.toBe (\u001b[22m\u001b[2m\u001b[0m\u001b[36mtests/ejercicio/6-pull-clone.test.js\u001b[39m\u001b[0m\u001b[2m:93:37)\u001b[22m\u001b[2m\u001b[22m\n","name":"C:\\Users\\claud\\herramientas-practicar-git-herramientas-practicando-git-git-basic\\tests\\ejercicio\\6-pull-clone.test.js","startTime":1768961569636,"status":"failed","summary":""},{"assertionResults":[{"ancestorTitles":["Ejercicio 4: Trabajar con ramas (branches)"],"duration":1,"failureDetails":[],"failureMessages":[],"fullName":"Ejercicio 4: Trabajar con ramas (branches) El archivo features.txt debe existir con el contenido correcto","invocations":1,"location":null,"numPassingAsserts":5,"retryReasons":[],"status":"passed","title":"El archivo features.txt debe existir con el contenido correcto"},{"ancestorTitles":["Ejercicio 4: Trabajar con ramas (branches)"],"duration":39,"failureDetails":[],"failureMessages":[],"fullName":"Ejercicio 4: Trabajar con ramas (branches) Debe estar en la rama main","invocations":1,"location":null,"numPassingAsserts":1,"retryReasons":[],"status":"passed","title":"Debe estar en la rama main"},{"ancestorTitles":["Ejercicio 4: Trabajar con ramas (branches)"],"duration":45,"failureDetails":[],"failureMessages":[],"fullName":"Ejercicio 4: Trabajar con ramas (branches) La rama feature/nueva-funcionalidad no debe existir","invocations":1,"location":null,"numPassingAsserts":1,"retryReasons":[],"status":"passed","title":"La rama feature/nueva-funcionalidad no debe existir"},{"ancestorTitles":["Ejercicio 4: Trabajar con ramas (branches)"],"duration":50,"failureDetails":[],"failureMessages":[],"fullName":"Ejercicio 4: Trabajar con ramas (branches) Debe tener commits adicionales por el trabajo con ramas","invocations":1,"location":null,"numPassingAsserts":1,"retryReasons":[],"status":"passed","title":"Debe tener commits adicionales por el trabajo con ramas"},{"ancestorTitles":["Ejercicio 4: Trabajar con ramas (branches)"],"duration":44,"failureDetails":[],"failureMessages":[],"fullName":"Ejercicio 4: Trabajar con ramas (branches) El archivo features.txt debe estar trackeado en Git","invocations":1,"location":null,"numPassingAsserts":1,"retryReasons":[],"status":"passed","title":"El archivo features.txt debe estar trackeado en Git"},{"ancestorTitles":["Ejercicio 4: Trabajar con ramas (branches)"],"duration":45,"failureDetails":[],"failureMessages":[],"fullName":"Ejercicio 4: Trabajar con ramas (branches) Debe haber evidencia de merge en el historial","invocations":1,"location":null,"numPassingAsserts":1,"retryReasons":[],"status":"passed","title":"Debe haber evidencia de merge en el historial"}],"endTime":1768961570402,"message":"","name":"C:\\Users\\claud\\herramientas-practicar-git-herramientas-practicando-git-git-basic\\tests\\ejercicio\\4-ramas.test.js","startTime":1768961570012,"status":"passed","summary":""}],"wasInterrupted":false,"coverageMap":{}}
